<?xml version="1.0" encoding="UTF-8"?>
<!-- Generated by org.testng.reporters.JUnitReportReporter -->
<testsuite hostname="asd1549po01976" name="NewTest" tests="1" failures="0" timestamp="24 Jun 2016 09:41:45 GMT" time="0.007" errors="0">
  <testcase name="f" time="0.007" classname="NewTest"/>
</testsuite> <!-- NewTest -->
